Arguments: 
  /usr/local/bin/node /usr/share/yarn/bin/yarn.js install

PATH: 
  /usr/local/sbin:/usr/local/bin:/usr/sbin:/usr/bin:/sbin:/bin:/usr/games:/usr/local/games:/snap/bin:/home/bhagya/Android/Sdk/tools:/home/bhagya/Android/Sdk/tools/bin:/home/bhagya/Android/Sdk/platform-tools:/home/bhagya/Android/Sdk/emulator

Yarn version: 
  1.6.0

Node version: 
  11.4.0

Platform: 
  linux x64

Trace: 
  SyntaxError: /home/bhagya/workspace/reactjs/projects/bidha/packages/server/package.json: Unexpected token / in JSON at position 361
      at JSON.parse (<anonymous>)
      at /usr/share/yarn/lib/cli.js:1130:59
      at Generator.next (<anonymous>)
      at step (/usr/share/yarn/lib/cli.js:98:30)
      at /usr/share/yarn/lib/cli.js:109:13

npm manifest: 
  {
    "private": true,
    "workspaces": [
      "packages/*"
    ],
    "devDependencies": {
      "babel-cli": "^6.26.0",
      "babel-eslint": "^10.0.1",
      "babel-jest": "^23.6.0",
      "babel-plugin-transform-object-rest-spread": "^6.26.0",
      "babel-preset-env": "^1.7.0",
      "babel-preset-import-export": "^1.0.2",
      "babel-preset-stage-0": "^6.24.1",
      "eslint": "^5.11.1",
      "eslint-config-airbnb": "^17.1.0",
      "eslint-plugin-import": "^2.14.0",
      "eslint-plugin-jsx-a11y": "^6.1.2",
      "eslint-plugin-react": "^7.12.0",
      "lerna": "^3.8.0"
    }
  }

yarn manifest: 
  No manifest

Lockfile: 
  No lockfile
