Arguments: 
  /usr/local/bin/node /usr/share/yarn/bin/yarn.js install

PATH: 
  /usr/local/sbin:/usr/local/bin:/usr/sbin:/usr/bin:/sbin:/bin:/usr/games:/usr/local/games:/snap/bin:/home/bhagya/Android/Sdk/tools:/home/bhagya/Android/Sdk/tools/bin:/home/bhagya/Android/Sdk/platform-tools:/home/bhagya/Android/Sdk/emulator

Yarn version: 
  1.6.0

Node version: 
  11.4.0

Platform: 
  linux x64

Trace: 
  SyntaxError: /home/bhagya/workspace/reactjs/projects/bidha/packages/server/package.json: Unexpected token / in JSON at position 361
      at JSON.parse (<anonymous>)
      at /usr/share/yarn/lib/cli.js:1130:59
      at Generator.next (<anonymous>)
      at step (/usr/share/yarn/lib/cli.js:98:30)
      at /usr/share/yarn/lib/cli.js:109:13

npm manifest: 
  {
    "name": "bidha-server",
    "version": "1.0.0",
    "description": "Bidha server",
    "main": "index.js",
    "author": "Bhagya sah",
    "license": "MIT",
    "private": true,
    "scripts": {
      "lint": "../../node_modules/.bin/eslint src",
      "clean": "../../node_modules/.bin/rimraf build",
      "postbuild": "../../node_modules/.bin/copy src/**/*.sql build/",
      // "prepare": "npm run lint && npm run clean && npm run build",
      "build": "../../node_modules/.bin/babel src -d build",
      "server-mon": "nodemon --exec ../../node_modules/.bin/babel-node -- src/index.js"
    },
    "dependencies": {
      "@babel/polyfill": "^7.2.5",
      "app-node": "^0.2.6",
      "bluebird": "^3.5.3",
      "body-parser": "^1.18.3",
      "check-types": "^7.4.0",
      "eslint": "^5.11.1",
      "eslint-plugin-import": "^2.14.0",
      "eslint-plugin-jsx-a11y": "^6.1.2",
      "eslint-plugin-react": "^7.12.0",
      "express": "^4.16.4",
      "lerna": "^3.8.0",
      "lru-cache": "^5.1.1",
      "sqlite": "^3.0.0",
      "stripe": "^6.20.0",
      "uuid": "^3.3.2"
    },
    "devDependencies": {
      "babel-preset-import-export": "^1.0.2"
    }
  }

yarn manifest: 
  No manifest

Lockfile: 
  No lockfile
